<?xml version="1.0" encoding="UTF-8"?>
<testng-results skipped="0" failed="0" total="1" passed="1">
  <reporter-output>
  </reporter-output>
  <suite name="Default suite" duration-ms="38" started-at="2016-02-17T23:00:28Z" finished-at="2016-02-17T23:00:28Z">
    <groups>
    </groups>
    <test name="Default test" duration-ms="38" started-at="2016-02-17T23:00:28Z" finished-at="2016-02-17T23:00:28Z">
      <class name="com.Android.Bravo.Auto_Test.NewTest">
        <test-method status="PASS" signature="f()[pri:0, instance:com.Android.Bravo.Auto_Test.NewTest@604fd0e9]" name="f" duration-ms="18" started-at="2016-02-17T23:00:28Z" finished-at="2016-02-17T23:00:28Z">
        </test-method> <!-- f -->
      </class> <!-- com.Android.Bravo.Auto_Test.NewTest -->
    </test> <!-- Default test -->
  </suite> <!-- Default suite -->
</testng-results>
